<?xml version="1.0" encoding="UTF-8"?>
<testsuite name="FFTTest" tests="2" skipped="0" failures="0" errors="0" timestamp="2021-03-19T14:45:41" hostname="DESKTOP-KMRL815" time="0.001">
  <properties/>
  <testcase name="testTest" classname="FFTTest" time="0.0"/>
  <testcase name="testMockFFT" classname="FFTTest" time="0.001"/>
  <system-out><![CDATA[]]></system-out>
  <system-err><![CDATA[]]></system-err>
</testsuite>
